<?xml version="1.0" encoding="UTF-8"?>
<!-- Generated by org.testng.reporters.JUnitXMLReporter -->
<testsuite ignored="0" hostname="Nikhil" failures="0" tests="3" name="Default test" time="0.309" errors="0" timestamp="2022-03-28T14:13:48 IST">
  <testcase classname="TestClass.TestClass1" name="@BeforeClass chromedriver" time="-1.648457028597E9">
    <failure type="org.testng.TestNGException" message="
Parameter &amp;apos;web&amp;apos; is required by BeforeClass on method chromedriver but has not been marked @Optional or defined
in C:\Users\Nick\AppData\Local\Temp\testng-eclipse--45499677\testng-customsuite.xml">
      <![CDATA[org.testng.TestNGException: 
Parameter 'web' is required by BeforeClass on method chromedriver but has not been marked @Optional or defined
in C:\Users\Nick\AppData\Local\Temp\testng-eclipse--45499677\testng-customsuite.xml
at org.testng.internal.Parameters.createParams(Parameters.java:270)
at org.testng.internal.Parameters.createParametersForMethod(Parameters.java:358)
at org.testng.internal.Parameters.createParameters(Parameters.java:700)
at org.testng.internal.Parameters.createConfigurationParameters(Parameters.java:168)
at org.testng.internal.ConfigInvoker.invokeConfigurations(ConfigInvoker.java:302)
at org.testng.internal.TestMethodWorker.invokeBeforeClassMethods(TestMethodWorker.java:176)
at org.testng.internal.TestMethodWorker.run(TestMethodWorker.java:122)
at java.base/java.util.ArrayList.forEach(ArrayList.java:1511)
at org.testng.TestRunner.privateRun(TestRunner.java:794)
at org.testng.TestRunner.run(TestRunner.java:596)
at org.testng.SuiteRunner.runTest(SuiteRunner.java:377)
at org.testng.SuiteRunner.runSequentially(SuiteRunner.java:371)
at org.testng.SuiteRunner.privateRun(SuiteRunner.java:332)
at org.testng.SuiteRunner.run(SuiteRunner.java:276)
at org.testng.SuiteRunnerWorker.runSuite(SuiteRunnerWorker.java:53)
at org.testng.SuiteRunnerWorker.run(SuiteRunnerWorker.java:96)
at org.testng.TestNG.runSuitesSequentially(TestNG.java:1212)
at org.testng.TestNG.runSuitesLocally(TestNG.java:1134)
at org.testng.TestNG.runSuites(TestNG.java:1063)
at org.testng.TestNG.run(TestNG.java:1031)
at org.testng.remote.AbstractRemoteTestNG.run(AbstractRemoteTestNG.java:115)
at org.testng.remote.RemoteTestNG.initAndRun(RemoteTestNG.java:251)
at org.testng.remote.RemoteTestNG.main(RemoteTestNG.java:77)
]]>
    </failure>
  </testcase> <!-- @BeforeClass chromedriver -->
  <testcase classname="TestClass.TestClass1" name="@BeforeMethod methods" time="-1.64845702869E9">
    <skipped/>
  </testcase> <!-- @BeforeMethod methods -->
  <testcase classname="TestClass.TestClass1" name="@AfterMethod afterMethod" time="-1.648457028721E9">
    <skipped/>
  </testcase> <!-- @AfterMethod afterMethod -->
  <testcase classname="TestClass.TestClass1" name="@AfterMethod afterclass" time="-1.648457028733E9">
    <skipped/>
  </testcase> <!-- @AfterMethod afterclass -->
  <testcase classname="TestClass.TestClass1" name="@BeforeMethod methods" time="-1.648457028776E9">
    <skipped/>
  </testcase> <!-- @BeforeMethod methods -->
  <testcase classname="TestClass.TestClass1" name="@AfterMethod afterMethod" time="-1.648457028792E9">
    <skipped/>
  </testcase> <!-- @AfterMethod afterMethod -->
  <testcase classname="TestClass.TestClass1" name="@AfterMethod afterclass" time="-1.648457028798E9">
    <skipped/>
  </testcase> <!-- @AfterMethod afterclass -->
  <testcase classname="TestClass.TestClass1" name="@BeforeMethod methods" time="-1.648457028808E9">
    <skipped/>
  </testcase> <!-- @BeforeMethod methods -->
  <testcase classname="TestClass.TestClass1" name="@AfterMethod afterMethod" time="-1.648457028826E9">
    <skipped/>
  </testcase> <!-- @AfterMethod afterMethod -->
  <testcase classname="TestClass.TestClass1" name="@AfterMethod afterclass" time="-1.64845702883E9">
    <skipped/>
  </testcase> <!-- @AfterMethod afterclass -->
  <testcase classname="TestClass.TestClass1" name="logintofpkt" time="0.002">
    <skipped/>
  </testcase> <!-- logintofpkt -->
  <testcase classname="TestClass.TestClass1" name="Myprofilepagefpkt" time="0.0">
    <skipped/>
  </testcase> <!-- Myprofilepagefpkt -->
  <testcase classname="TestClass.TestClass1" name="Myprofilepagefpkt" time="0.001">
    <skipped/>
  </testcase> <!-- Myprofilepagefpkt -->
</testsuite> <!-- Default test -->
